# JRE version: OpenJDK Runtime Environment (17.0.11) (build 17.0.11+0--11852314)
# Java VM: OpenJDK 64-Bit Server VM (17.0.11+0--11852314, mixed mode, tiered, compressed oops, compressed class ptrs, g1 gc, windows-amd64)
GC Precious Log:
 CPUs: 12 total, 12 available
 Memory: 5989M
 Large Page Support: Disabled
 NUMA Support: Disabled
 Compressed Oops: Enabled (32-bit)
 Heap Region Size: 1M
 Heap Min Capacity: 8M
 Heap Initial Capacity: 94M
 Heap Max Capacity: 1498M
 Pre-touch: Disabled
 Parallel Workers: 10
 Concurrent Workers: 3
 Concurrent Refinement Workers: 10
 Periodic GC: Disabled
Heap:
 garbage-first heap   total 40960K, used 18833K [0x00000000a2600000, 0x0000000100000000)
  region size 1024K, 2 young (2048K), 2 survivors (2048K)
 Metaspace       used 35903K, committed 36096K, reserved 1114112K
  class space    used 4534K, committed 4672K, reserved 1048576K
GC Heap History (13 events):
Event: 0.371 GC heap before
{Heap before GC invocations=0 (full 0):
 garbage-first heap   total 96256K, used 27648K [0x00000000a2600000, 0x0000000100000000)
  region size 1024K, 23 young (23552K), 0 survivors (0K)
 Metaspace       used 13353K, committed 13504K, reserved 1114112K
  class space    used 1289K, committed 1344K, reserved 1048576K
}
Event: 0.374 GC heap after
{Heap after GC invocations=1 (full 0):
 garbage-first heap   total 96256K, used 6944K [0x00000000a2600000, 0x0000000100000000)
  region size 1024K, 3 young (3072K), 3 survivors (3072K)
 Metaspace       used 13353K, committed 13504K, reserved 1114112K
  class space    used 1289K, committed 1344K, reserved 1048576K
}
Event: 0.757 GC heap before
{Heap before GC invocations=1 (full 0):
 garbage-first heap   total 96256K, used 39712K [0x00000000a2600000, 0x0000000100000000)
  region size 1024K, 36 young (36864K), 3 survivors (3072K)
 Metaspace       used 21357K, committed 21504K, reserved 1114112K
  class space    used 2325K, committed 2432K, reserved 1048576K
}
Event: 0.766 GC heap after
{Heap after GC invocations=2 (full 0):
 garbage-first heap   total 96256K, used 10325K [0x00000000a2600000, 0x0000000100000000)
  region size 1024K, 4 young (4096K), 4 survivors (4096K)
 Metaspace       used 21357K, committed 21504K, reserved 1114112K
  class space    used 2325K, committed 2432K, reserved 1048576K
}
Event: 1.062 GC heap before
{Heap before GC invocations=3 (full 0):
 garbage-first heap   total 40960K, used 31829K [0x00000000a2600000, 0x0000000100000000)
  region size 1024K, 26 young (26624K), 4 survivors (4096K)
 Metaspace       used 28737K, committed 28928K, reserved 1114112K
  class space    used 3552K, committed 3648K, reserved 1048576K
}
Event: 1.068 GC heap after
{Heap after GC invocations=4 (full 0):
 garbage-first heap   total 40960K, used 11386K [0x00000000a2600000, 0x0000000100000000)
  region size 1024K, 5 young (5120K), 5 survivors (5120K)
 Metaspace       used 28737K, committed 28928K, reserved 1114112K
  class space    used 3552K, committed 3648K, reserved 1048576K
}
Event: 1.083 GC heap before
{Heap before GC invocations=4 (full 0):
 garbage-first heap   total 40960K, used 12410K [0x00000000a2600000, 0x0000000100000000)
  region size 1024K, 6 young (6144K), 5 survivors (5120K)
 Metaspace       used 28876K, committed 29120K, reserved 1114112K
  class space    used 3552K, committed 3648K, reserved 1048576K
}
Event: 1.088 GC heap after
{Heap after GC invocations=5 (full 0):
 garbage-first heap   total 40960K, used 11888K [0x00000000a2600000, 0x0000000100000000)
  region size 1024K, 1 young (1024K), 1 survivors (1024K)
 Metaspace       used 28876K, committed 29120K, reserved 1114112K
  class space    used 3552K, committed 3648K, reserved 1048576K
}
Event: 1.347 GC heap before
{Heap before GC invocations=5 (full 0):
 garbage-first heap   total 40960K, used 33392K [0x00000000a2600000, 0x0000000100000000)
  region size 1024K, 20 young (20480K), 1 survivors (1024K)
 Metaspace       used 30785K, committed 30976K, reserved 1114112K
  class space    used 3977K, committed 4032K, reserved 1048576K
}
Event: 1.359 GC heap after
{Heap after GC invocations=6 (full 0):
 garbage-first heap   total 40960K, used 18145K [0x00000000a2600000, 0x0000000100000000)
  region size 1024K, 3 young (3072K), 3 survivors (3072K)
 Metaspace       used 30785K, committed 30976K, reserved 1114112K
  class space    used 3977K, committed 4032K, reserved 1048576K
}
Event: 1.579 GC heap before
{Heap before GC invocations=6 (full 0):
 garbage-first heap   total 40960K, used 29409K [0x00000000a2600000, 0x0000000100000000)
  region size 1024K, 15 young (15360K), 3 survivors (3072K)
 Metaspace       used 33956K, committed 34240K, reserved 1114112K
  class space    used 4321K, committed 4480K, reserved 1048576K
}
Event: 1.583 GC heap after
{Heap after GC invocations=7 (full 0):
 garbage-first heap   total 40960K, used 17292K [0x00000000a2600000, 0x0000000100000000)
  region size 1024K, 2 young (2048K), 2 survivors (2048K)
 Metaspace       used 33956K, committed 34240K, reserved 1114112K
  class space    used 4321K, committed 4480K, reserved 1048576K
}
Event: 1.680 GC heap before
{Heap before GC invocations=7 (full 0):
 garbage-first heap   total 40960K, used 27532K [0x00000000a2600000, 0x0000000100000000)
  region size 1024K, 13 young (13312K), 2 survivors (2048K)
 Metaspace       used 35903K, committed 36096K, reserved 1114112K
  class space    used 4534K, committed 4672K, reserved 1048576K
}

